<?xml version="1.0" encoding="UTF-8"?>
<!-- Generated by org.testng.reporters.JUnitReportReporter -->
<testsuite hostname="ip-192-168-0-102.ap-south-1.compute.internal" failures="0" tests="1" name="TaskStatusTest" time="0.913" errors="0" timestamp="2023-11-29T00:56:11 IST" skipped="0">
  <testcase classname="TaskStatusTest" name="taskStatusTest" time="0.913"/>
  <system-out/>
</testsuite> <!-- TaskStatusTest -->
